Copyright 1986-2019 Xilinx, Inc. All Rights Reserved.
--------------------------------------------------------------------------------------
| Tool Version : Vivado v.2019.2.1 (win64) Build 2729669 Thu Dec  5 04:49:17 MST 2019
| Date         : Sat Oct 29 17:06:41 2022
| Host         : ENGR-G8DMVD3 running 64-bit major release  (build 9200)
| Command      : upgrade_ip
| Device       : xc7z020clg484-1
--------------------------------------------------------------------------------------

Upgrade Log for IP 'test_latch_ifid_0_5'

1. Summary
----------

CAUTION (success, with warnings) in the conversion of test_latch_ifid_0_5 (xilinx.com:module_ref:latch_ifid:1.0 (Rev. 1)) to Vivado generation flows.

After upgrade, an IP may have parameter and port differences compared to the original customization. Please review the parameters within the IP customization GUI to ensure proper functionality. Also, please review the updated IP instantiation template to ensure proper connectivity, and update your design if required.

2. Interface Information
------------------------

Detected external interface differences while upgrading 'test_latch_ifid_0_5'.


-Upgrade has added interface 'clock' (xilinx.com:signal:clock:1.0)


3. Connection Warnings
----------------------

Detected external port differences while upgrading 'test_latch_ifid_0_5'. These changes may impact your design.


-Upgrade has added port 'Latched_PC'

-Upgrade has added port 'Latched_ReadInstruction'

-Upgrade has added port 'clock'


